18:22:33.746 INFO  manager.ApplicationManager - All tests start in ChromeDriver
18:22:34.648 INFO  manager.MyListener - Start find element--->>>By.xpath: //*[text()='Sign Out']
18:22:39.671 INFO  manager.MyListener - The element with locator--->>>By.xpath: //*[text()='Sign Out']<----was found
18:22:39.675 INFO  tests.TestBAse - start testloginModelDataProvider
18:22:39.698 INFO  manager.MyListener - Start find element--->>>By.cssSelector: [href='/login']
18:22:39.725 INFO  manager.MyListener - The element with locator--->>>By.cssSelector: [href='/login']<----was found
18:22:39.834 INFO  manager.MyListener - Start find element--->>>By.xpath: //input[1]
18:22:39.858 INFO  manager.MyListener - The element with locator--->>>By.xpath: //input[1]<----was found
18:22:40.013 INFO  manager.MyListener - Start find element--->>>By.xpath: //input[2]
18:22:40.035 INFO  manager.MyListener - The element with locator--->>>By.xpath: //input[2]<----was found
18:22:40.190 INFO  manager.MyListener - Start find element--->>>By.xpath: //*[text()=' Login']
18:22:40.213 INFO  manager.MyListener - The element with locator--->>>By.xpath: //*[text()=' Login']<----was found
18:22:45.267 INFO  manager.MyListener - Start find element--->>>By.xpath: //*[text()='Sign Out']
18:22:45.290 INFO  manager.MyListener - We have a 'throwable'--->>>unexpected alert open: {Alert text : Undefined Error 500}
  (Session info: chrome=96.0.4664.110): Undefined Error 500
Build info: version: '3.141.59', revision: 'e82be7d358', time: '2018-11-14T08:17:03'
System info: host: 'desktopirina', ip: '127.0.1.1', os.name: 'Linux', os.arch: 'amd64', os.version: '5.14.0-1031-oem', java.version: '11.0.14.1'
Driver info: org.openqa.selenium.chrome.ChromeDriver
Capabilities {acceptInsecureCerts: false, browserName: chrome, browserVersion: 96.0.4664.110, chrome: {chromedriverVersion: 96.0.4664.45 (76e4c1bb2ab46..., userDataDir: /tmp/.com.google.Chrome.zEFINm}, goog:chromeOptions: {debuggerAddress: localhost:38289}, javascriptEnabled: true, networkConnectionEnabled: false, pageLoadStrategy: normal, platform: LINUX, platformName: LINUX, proxy: Proxy(), setWindowRect: true, strictFileInteractability: false, timeouts: {implicit: 0, pageLoad: 300000, script: 30000}, unhandledPromptBehavior: dismiss and notify, webauthn:extension:credBlob: true, webauthn:extension:largeBlob: true, webauthn:virtualAuthenticators: true}
Session ID: b1ca5fa0dc6e89c6098b2d482c267176
*** Element info: {Using=xpath, value=//*[text()='Sign Out']}
18:22:45.292 INFO  manager.MyListener - We have a 'fill In Stack Trace'--->>>org.openqa.selenium.UnhandledAlertException: unexpected alert open: {Alert text : Undefined Error 500}
  (Session info: chrome=96.0.4664.110): Undefined Error 500
Build info: version: '3.141.59', revision: 'e82be7d358', time: '2018-11-14T08:17:03'
System info: host: 'desktopirina', ip: '127.0.1.1', os.name: 'Linux', os.arch: 'amd64', os.version: '5.14.0-1031-oem', java.version: '11.0.14.1'
Driver info: org.openqa.selenium.chrome.ChromeDriver
Capabilities {acceptInsecureCerts: false, browserName: chrome, browserVersion: 96.0.4664.110, chrome: {chromedriverVersion: 96.0.4664.45 (76e4c1bb2ab46..., userDataDir: /tmp/.com.google.Chrome.zEFINm}, goog:chromeOptions: {debuggerAddress: localhost:38289}, javascriptEnabled: true, networkConnectionEnabled: false, pageLoadStrategy: normal, platform: LINUX, platformName: LINUX, proxy: Proxy(), setWindowRect: true, strictFileInteractability: false, timeouts: {implicit: 0, pageLoad: 300000, script: 30000}, unhandledPromptBehavior: dismiss and notify, webauthn:extension:credBlob: true, webauthn:extension:largeBlob: true, webauthn:virtualAuthenticators: true}
Session ID: b1ca5fa0dc6e89c6098b2d482c267176
*** Element info: {Using=xpath, value=//*[text()='Sign Out']}
18:22:45.651 INFO  manager.MyListener - This is the link to screen with problem-->src/test/screenshots/screen-1365.png
18:22:45.654 INFO  tests.TestBAse - End of testloginModelDataProvider
18:22:45.655 INFO  manager.MyListener - Start find element--->>>By.xpath: //*[text()='Sign Out']
18:22:50.667 INFO  manager.MyListener - The element with locator--->>>By.xpath: //*[text()='Sign Out']<----was found
18:22:50.669 INFO  tests.TestBAse - start testloginModelDataProvider
18:22:50.671 INFO  manager.MyListener - Start find element--->>>By.cssSelector: [href='/login']
18:22:50.685 INFO  manager.MyListener - The element with locator--->>>By.cssSelector: [href='/login']<----was found
18:22:50.739 INFO  manager.MyListener - Start find element--->>>By.xpath: //input[1]
18:22:50.754 INFO  manager.MyListener - The element with locator--->>>By.xpath: //input[1]<----was found
18:22:50.904 INFO  manager.MyListener - Start find element--->>>By.xpath: //input[2]
18:22:50.919 INFO  manager.MyListener - The element with locator--->>>By.xpath: //input[2]<----was found
18:22:51.075 INFO  manager.MyListener - Start find element--->>>By.xpath: //*[text()=' Login']
18:22:51.092 INFO  manager.MyListener - The element with locator--->>>By.xpath: //*[text()=' Login']<----was found
18:22:56.139 INFO  manager.MyListener - Start find element--->>>By.xpath: //*[text()='Sign Out']
18:22:56.151 INFO  manager.MyListener - We have a 'throwable'--->>>unexpected alert open: {Alert text : Undefined Error 500}
  (Session info: chrome=96.0.4664.110): Undefined Error 500
Build info: version: '3.141.59', revision: 'e82be7d358', time: '2018-11-14T08:17:03'
System info: host: 'desktopirina', ip: '127.0.1.1', os.name: 'Linux', os.arch: 'amd64', os.version: '5.14.0-1031-oem', java.version: '11.0.14.1'
Driver info: org.openqa.selenium.chrome.ChromeDriver
Capabilities {acceptInsecureCerts: false, browserName: chrome, browserVersion: 96.0.4664.110, chrome: {chromedriverVersion: 96.0.4664.45 (76e4c1bb2ab46..., userDataDir: /tmp/.com.google.Chrome.zEFINm}, goog:chromeOptions: {debuggerAddress: localhost:38289}, javascriptEnabled: true, networkConnectionEnabled: false, pageLoadStrategy: normal, platform: LINUX, platformName: LINUX, proxy: Proxy(), setWindowRect: true, strictFileInteractability: false, timeouts: {implicit: 0, pageLoad: 300000, script: 30000}, unhandledPromptBehavior: dismiss and notify, webauthn:extension:credBlob: true, webauthn:extension:largeBlob: true, webauthn:virtualAuthenticators: true}
Session ID: b1ca5fa0dc6e89c6098b2d482c267176
*** Element info: {Using=xpath, value=//*[text()='Sign Out']}
18:22:56.152 INFO  manager.MyListener - We have a 'fill In Stack Trace'--->>>org.openqa.selenium.UnhandledAlertException: unexpected alert open: {Alert text : Undefined Error 500}
  (Session info: chrome=96.0.4664.110): Undefined Error 500
Build info: version: '3.141.59', revision: 'e82be7d358', time: '2018-11-14T08:17:03'
System info: host: 'desktopirina', ip: '127.0.1.1', os.name: 'Linux', os.arch: 'amd64', os.version: '5.14.0-1031-oem', java.version: '11.0.14.1'
Driver info: org.openqa.selenium.chrome.ChromeDriver
Capabilities {acceptInsecureCerts: false, browserName: chrome, browserVersion: 96.0.4664.110, chrome: {chromedriverVersion: 96.0.4664.45 (76e4c1bb2ab46..., userDataDir: /tmp/.com.google.Chrome.zEFINm}, goog:chromeOptions: {debuggerAddress: localhost:38289}, javascriptEnabled: true, networkConnectionEnabled: false, pageLoadStrategy: normal, platform: LINUX, platformName: LINUX, proxy: Proxy(), setWindowRect: true, strictFileInteractability: false, timeouts: {implicit: 0, pageLoad: 300000, script: 30000}, unhandledPromptBehavior: dismiss and notify, webauthn:extension:credBlob: true, webauthn:extension:largeBlob: true, webauthn:virtualAuthenticators: true}
Session ID: b1ca5fa0dc6e89c6098b2d482c267176
*** Element info: {Using=xpath, value=//*[text()='Sign Out']}
18:22:56.489 INFO  manager.MyListener - This is the link to screen with problem-->src/test/screenshots/screen-1376.png
18:22:56.491 INFO  tests.TestBAse - End of testloginModelDataProvider
18:22:56.493 INFO  manager.MyListener - Start find element--->>>By.xpath: //*[text()='Sign Out']
18:23:01.557 INFO  manager.MyListener - The element with locator--->>>By.xpath: //*[text()='Sign Out']<----was found
18:23:01.558 INFO  tests.TestBAse - start testloginModelDataProvider
18:23:01.560 INFO  manager.MyListener - Start find element--->>>By.cssSelector: [href='/login']
18:23:01.573 INFO  manager.MyListener - The element with locator--->>>By.cssSelector: [href='/login']<----was found
18:23:01.612 INFO  manager.MyListener - Start find element--->>>By.xpath: //input[1]
18:23:01.627 INFO  manager.MyListener - The element with locator--->>>By.xpath: //input[1]<----was found
18:23:01.813 INFO  manager.MyListener - Start find element--->>>By.xpath: //input[2]
18:23:01.825 INFO  manager.MyListener - The element with locator--->>>By.xpath: //input[2]<----was found
18:23:01.976 INFO  manager.MyListener - Start find element--->>>By.xpath: //*[text()=' Login']
18:23:01.989 INFO  manager.MyListener - The element with locator--->>>By.xpath: //*[text()=' Login']<----was found
18:23:07.035 INFO  manager.MyListener - Start find element--->>>By.xpath: //*[text()='Sign Out']
18:23:07.051 INFO  manager.MyListener - We have a 'throwable'--->>>unexpected alert open: {Alert text : Undefined Error 500}
  (Session info: chrome=96.0.4664.110): Undefined Error 500
Build info: version: '3.141.59', revision: 'e82be7d358', time: '2018-11-14T08:17:03'
System info: host: 'desktopirina', ip: '127.0.1.1', os.name: 'Linux', os.arch: 'amd64', os.version: '5.14.0-1031-oem', java.version: '11.0.14.1'
Driver info: org.openqa.selenium.chrome.ChromeDriver
Capabilities {acceptInsecureCerts: false, browserName: chrome, browserVersion: 96.0.4664.110, chrome: {chromedriverVersion: 96.0.4664.45 (76e4c1bb2ab46..., userDataDir: /tmp/.com.google.Chrome.zEFINm}, goog:chromeOptions: {debuggerAddress: localhost:38289}, javascriptEnabled: true, networkConnectionEnabled: false, pageLoadStrategy: normal, platform: LINUX, platformName: LINUX, proxy: Proxy(), setWindowRect: true, strictFileInteractability: false, timeouts: {implicit: 0, pageLoad: 300000, script: 30000}, unhandledPromptBehavior: dismiss and notify, webauthn:extension:credBlob: true, webauthn:extension:largeBlob: true, webauthn:virtualAuthenticators: true}
Session ID: b1ca5fa0dc6e89c6098b2d482c267176
*** Element info: {Using=xpath, value=//*[text()='Sign Out']}
18:23:07.052 INFO  manager.MyListener - We have a 'fill In Stack Trace'--->>>org.openqa.selenium.UnhandledAlertException: unexpected alert open: {Alert text : Undefined Error 500}
  (Session info: chrome=96.0.4664.110): Undefined Error 500
Build info: version: '3.141.59', revision: 'e82be7d358', time: '2018-11-14T08:17:03'
System info: host: 'desktopirina', ip: '127.0.1.1', os.name: 'Linux', os.arch: 'amd64', os.version: '5.14.0-1031-oem', java.version: '11.0.14.1'
Driver info: org.openqa.selenium.chrome.ChromeDriver
Capabilities {acceptInsecureCerts: false, browserName: chrome, browserVersion: 96.0.4664.110, chrome: {chromedriverVersion: 96.0.4664.45 (76e4c1bb2ab46..., userDataDir: /tmp/.com.google.Chrome.zEFINm}, goog:chromeOptions: {debuggerAddress: localhost:38289}, javascriptEnabled: true, networkConnectionEnabled: false, pageLoadStrategy: normal, platform: LINUX, platformName: LINUX, proxy: Proxy(), setWindowRect: true, strictFileInteractability: false, timeouts: {implicit: 0, pageLoad: 300000, script: 30000}, unhandledPromptBehavior: dismiss and notify, webauthn:extension:credBlob: true, webauthn:extension:largeBlob: true, webauthn:virtualAuthenticators: true}
Session ID: b1ca5fa0dc6e89c6098b2d482c267176
*** Element info: {Using=xpath, value=//*[text()='Sign Out']}
18:23:07.371 INFO  manager.MyListener - This is the link to screen with problem-->src/test/screenshots/screen-1387.png
18:23:07.373 INFO  tests.TestBAse - End of testloginModelDataProvider
18:23:07.375 INFO  manager.MyListener - Start find element--->>>By.xpath: //*[text()='Sign Out']
18:23:12.396 INFO  manager.MyListener - The element with locator--->>>By.xpath: //*[text()='Sign Out']<----was found
18:23:12.398 INFO  tests.TestBAse - start testloginModelDataProvider
18:23:12.399 INFO  manager.MyListener - Start find element--->>>By.cssSelector: [href='/login']
18:23:12.412 INFO  manager.MyListener - The element with locator--->>>By.cssSelector: [href='/login']<----was found
18:23:12.448 INFO  manager.MyListener - Start find element--->>>By.xpath: //input[1]
18:23:12.462 INFO  manager.MyListener - The element with locator--->>>By.xpath: //input[1]<----was found
18:23:12.625 INFO  manager.MyListener - Start find element--->>>By.xpath: //input[2]
18:23:12.637 INFO  manager.MyListener - The element with locator--->>>By.xpath: //input[2]<----was found
18:23:12.791 INFO  manager.MyListener - Start find element--->>>By.xpath: //*[text()=' Login']
18:23:12.804 INFO  manager.MyListener - The element with locator--->>>By.xpath: //*[text()=' Login']<----was found
18:23:17.857 INFO  manager.MyListener - Start find element--->>>By.xpath: //*[text()='Sign Out']
18:23:19.136 INFO  manager.MyListener - The element with locator--->>>By.xpath: //*[text()='Sign Out']<----was found
18:23:19.143 INFO  tests.TestBAse - End of testloginModelDataProvider
