18:18:39.120 INFO  manager.ApplicationManager - All tests start in ChromeDriver
18:18:40.200 INFO  manager.MyListener - Start find element--->>>By.xpath: //*[text()='Sign Out']
18:18:45.244 INFO  manager.MyListener - The element with locator--->>>By.xpath: //*[text()='Sign Out']<----was found
18:18:45.247 INFO  tests.TestBAse - start testloginModelDataProvider
18:18:45.266 INFO  manager.MyListener - Start find element--->>>By.cssSelector: [href='/login']
18:18:45.288 INFO  manager.MyListener - The element with locator--->>>By.cssSelector: [href='/login']<----was found
18:18:45.371 INFO  manager.MyListener - Start find element--->>>By.xpath: //input[1]
18:18:45.392 INFO  manager.MyListener - The element with locator--->>>By.xpath: //input[1]<----was found
18:18:45.538 INFO  manager.MyListener - Start find element--->>>By.xpath: //input[2]
18:18:45.561 INFO  manager.MyListener - The element with locator--->>>By.xpath: //input[2]<----was found
18:18:45.685 INFO  manager.MyListener - Start find element--->>>By.xpath: //*[text()=' Login']
18:18:45.703 INFO  manager.MyListener - The element with locator--->>>By.xpath: //*[text()=' Login']<----was found
18:18:46.755 INFO  manager.MyListener - Start find element--->>>By.xpath: //*[text()='Sign Out']
18:18:46.771 INFO  manager.MyListener - The element with locator--->>>By.xpath: //*[text()='Sign Out']<----was found
18:18:46.778 INFO  tests.TestBAse - End of testloginModelDataProvider
18:18:46.780 INFO  manager.MyListener - Start find element--->>>By.xpath: //*[text()='Sign Out']
18:18:46.794 INFO  manager.MyListener - The element with locator--->>>By.xpath: //*[text()='Sign Out']<----was found
18:18:46.794 INFO  manager.MyListener - Start find element--->>>By.xpath: //button[text()='Sign Out']
18:18:46.814 INFO  manager.MyListener - The element with locator--->>>By.xpath: //button[text()='Sign Out']<----was found
18:18:46.870 INFO  tests.TestBAse - Testpublic void tests.LoginTests.loginModelDataProvider(models.User) needs logout
18:18:46.873 INFO  tests.TestBAse - start testloginModelDataProvider
18:18:46.875 INFO  manager.MyListener - Start find element--->>>By.cssSelector: [href='/login']
18:18:46.892 INFO  manager.MyListener - The element with locator--->>>By.cssSelector: [href='/login']<----was found
18:18:46.947 INFO  manager.MyListener - Start find element--->>>By.xpath: //input[1]
18:18:46.963 INFO  manager.MyListener - The element with locator--->>>By.xpath: //input[1]<----was found
18:18:47.101 INFO  manager.MyListener - Start find element--->>>By.xpath: //input[2]
18:18:47.114 INFO  manager.MyListener - The element with locator--->>>By.xpath: //input[2]<----was found
18:18:47.252 INFO  manager.MyListener - Start find element--->>>By.xpath: //*[text()=' Login']
18:18:47.266 INFO  manager.MyListener - The element with locator--->>>By.xpath: //*[text()=' Login']<----was found
18:18:48.306 INFO  manager.MyListener - Start find element--->>>By.xpath: //*[text()='Sign Out']
18:18:48.339 INFO  manager.MyListener - We have a 'throwable'--->>>unexpected alert open: {Alert text : Undefined Error 500}
  (Session info: chrome=96.0.4664.110): Undefined Error 500
Build info: version: '3.141.59', revision: 'e82be7d358', time: '2018-11-14T08:17:03'
System info: host: 'desktopirina', ip: '127.0.1.1', os.name: 'Linux', os.arch: 'amd64', os.version: '5.14.0-1031-oem', java.version: '11.0.14.1'
Driver info: org.openqa.selenium.chrome.ChromeDriver
Capabilities {acceptInsecureCerts: false, browserName: chrome, browserVersion: 96.0.4664.110, chrome: {chromedriverVersion: 96.0.4664.45 (76e4c1bb2ab46..., userDataDir: /tmp/.com.google.Chrome.DDs68X}, goog:chromeOptions: {debuggerAddress: localhost:34065}, javascriptEnabled: true, networkConnectionEnabled: false, pageLoadStrategy: normal, platform: LINUX, platformName: LINUX, proxy: Proxy(), setWindowRect: true, strictFileInteractability: false, timeouts: {implicit: 0, pageLoad: 300000, script: 30000}, unhandledPromptBehavior: dismiss and notify, webauthn:extension:credBlob: true, webauthn:extension:largeBlob: true, webauthn:virtualAuthenticators: true}
Session ID: cd38445cdde3f38a6893752c1d7389d8
*** Element info: {Using=xpath, value=//*[text()='Sign Out']}
18:18:48.341 INFO  manager.MyListener - We have a 'fill In Stack Trace'--->>>org.openqa.selenium.UnhandledAlertException: unexpected alert open: {Alert text : Undefined Error 500}
  (Session info: chrome=96.0.4664.110): Undefined Error 500
Build info: version: '3.141.59', revision: 'e82be7d358', time: '2018-11-14T08:17:03'
System info: host: 'desktopirina', ip: '127.0.1.1', os.name: 'Linux', os.arch: 'amd64', os.version: '5.14.0-1031-oem', java.version: '11.0.14.1'
Driver info: org.openqa.selenium.chrome.ChromeDriver
Capabilities {acceptInsecureCerts: false, browserName: chrome, browserVersion: 96.0.4664.110, chrome: {chromedriverVersion: 96.0.4664.45 (76e4c1bb2ab46..., userDataDir: /tmp/.com.google.Chrome.DDs68X}, goog:chromeOptions: {debuggerAddress: localhost:34065}, javascriptEnabled: true, networkConnectionEnabled: false, pageLoadStrategy: normal, platform: LINUX, platformName: LINUX, proxy: Proxy(), setWindowRect: true, strictFileInteractability: false, timeouts: {implicit: 0, pageLoad: 300000, script: 30000}, unhandledPromptBehavior: dismiss and notify, webauthn:extension:credBlob: true, webauthn:extension:largeBlob: true, webauthn:virtualAuthenticators: true}
Session ID: cd38445cdde3f38a6893752c1d7389d8
*** Element info: {Using=xpath, value=//*[text()='Sign Out']}
18:18:48.717 INFO  manager.MyListener - This is the link to screen with problem-->src/test/screenshots/screen-1128.png
18:18:48.718 INFO  tests.TestBAse - End of testloginModelDataProvider
18:18:48.719 INFO  manager.MyListener - Start find element--->>>By.xpath: //*[text()='Sign Out']
18:18:53.770 INFO  manager.MyListener - The element with locator--->>>By.xpath: //*[text()='Sign Out']<----was found
18:18:53.772 INFO  tests.TestBAse - start testloginModelDataProvider
18:18:53.773 INFO  manager.MyListener - Start find element--->>>By.cssSelector: [href='/login']
18:18:53.785 INFO  manager.MyListener - The element with locator--->>>By.cssSelector: [href='/login']<----was found
18:18:53.827 INFO  manager.MyListener - Start find element--->>>By.xpath: //input[1]
18:18:53.845 INFO  manager.MyListener - The element with locator--->>>By.xpath: //input[1]<----was found
18:18:54.006 INFO  manager.MyListener - Start find element--->>>By.xpath: //input[2]
18:18:54.022 INFO  manager.MyListener - The element with locator--->>>By.xpath: //input[2]<----was found
18:18:54.196 INFO  manager.MyListener - Start find element--->>>By.xpath: //*[text()=' Login']
18:18:54.212 INFO  manager.MyListener - The element with locator--->>>By.xpath: //*[text()=' Login']<----was found
18:18:55.264 INFO  manager.MyListener - Start find element--->>>By.xpath: //*[text()='Sign Out']
18:18:55.276 INFO  manager.MyListener - We have a 'throwable'--->>>unexpected alert open: {Alert text : Undefined Error 500}
  (Session info: chrome=96.0.4664.110): Undefined Error 500
Build info: version: '3.141.59', revision: 'e82be7d358', time: '2018-11-14T08:17:03'
System info: host: 'desktopirina', ip: '127.0.1.1', os.name: 'Linux', os.arch: 'amd64', os.version: '5.14.0-1031-oem', java.version: '11.0.14.1'
Driver info: org.openqa.selenium.chrome.ChromeDriver
Capabilities {acceptInsecureCerts: false, browserName: chrome, browserVersion: 96.0.4664.110, chrome: {chromedriverVersion: 96.0.4664.45 (76e4c1bb2ab46..., userDataDir: /tmp/.com.google.Chrome.DDs68X}, goog:chromeOptions: {debuggerAddress: localhost:34065}, javascriptEnabled: true, networkConnectionEnabled: false, pageLoadStrategy: normal, platform: LINUX, platformName: LINUX, proxy: Proxy(), setWindowRect: true, strictFileInteractability: false, timeouts: {implicit: 0, pageLoad: 300000, script: 30000}, unhandledPromptBehavior: dismiss and notify, webauthn:extension:credBlob: true, webauthn:extension:largeBlob: true, webauthn:virtualAuthenticators: true}
Session ID: cd38445cdde3f38a6893752c1d7389d8
*** Element info: {Using=xpath, value=//*[text()='Sign Out']}
18:18:55.278 INFO  manager.MyListener - We have a 'fill In Stack Trace'--->>>org.openqa.selenium.UnhandledAlertException: unexpected alert open: {Alert text : Undefined Error 500}
  (Session info: chrome=96.0.4664.110): Undefined Error 500
Build info: version: '3.141.59', revision: 'e82be7d358', time: '2018-11-14T08:17:03'
System info: host: 'desktopirina', ip: '127.0.1.1', os.name: 'Linux', os.arch: 'amd64', os.version: '5.14.0-1031-oem', java.version: '11.0.14.1'
Driver info: org.openqa.selenium.chrome.ChromeDriver
Capabilities {acceptInsecureCerts: false, browserName: chrome, browserVersion: 96.0.4664.110, chrome: {chromedriverVersion: 96.0.4664.45 (76e4c1bb2ab46..., userDataDir: /tmp/.com.google.Chrome.DDs68X}, goog:chromeOptions: {debuggerAddress: localhost:34065}, javascriptEnabled: true, networkConnectionEnabled: false, pageLoadStrategy: normal, platform: LINUX, platformName: LINUX, proxy: Proxy(), setWindowRect: true, strictFileInteractability: false, timeouts: {implicit: 0, pageLoad: 300000, script: 30000}, unhandledPromptBehavior: dismiss and notify, webauthn:extension:credBlob: true, webauthn:extension:largeBlob: true, webauthn:virtualAuthenticators: true}
Session ID: cd38445cdde3f38a6893752c1d7389d8
*** Element info: {Using=xpath, value=//*[text()='Sign Out']}
18:18:55.588 INFO  manager.MyListener - This is the link to screen with problem-->src/test/screenshots/screen-1135.png
18:18:55.590 INFO  tests.TestBAse - End of testloginModelDataProvider
18:18:55.592 INFO  manager.MyListener - Start find element--->>>By.xpath: //*[text()='Sign Out']
18:19:00.652 INFO  manager.MyListener - The element with locator--->>>By.xpath: //*[text()='Sign Out']<----was found
18:19:00.654 INFO  tests.TestBAse - start testloginModelDataProvider
18:19:00.655 INFO  manager.MyListener - Start find element--->>>By.cssSelector: [href='/login']
18:19:00.667 INFO  manager.MyListener - The element with locator--->>>By.cssSelector: [href='/login']<----was found
18:19:00.702 INFO  manager.MyListener - Start find element--->>>By.xpath: //input[1]
18:19:00.714 INFO  manager.MyListener - The element with locator--->>>By.xpath: //input[1]<----was found
18:19:00.905 INFO  manager.MyListener - Start find element--->>>By.xpath: //input[2]
18:19:00.918 INFO  manager.MyListener - The element with locator--->>>By.xpath: //input[2]<----was found
18:19:01.067 INFO  manager.MyListener - Start find element--->>>By.xpath: //*[text()=' Login']
18:19:01.080 INFO  manager.MyListener - The element with locator--->>>By.xpath: //*[text()=' Login']<----was found
18:19:02.131 INFO  manager.MyListener - Start find element--->>>By.xpath: //*[text()='Sign Out']
18:19:02.144 INFO  manager.MyListener - We have a 'throwable'--->>>unexpected alert open: {Alert text : Undefined Error 500}
  (Session info: chrome=96.0.4664.110): Undefined Error 500
Build info: version: '3.141.59', revision: 'e82be7d358', time: '2018-11-14T08:17:03'
System info: host: 'desktopirina', ip: '127.0.1.1', os.name: 'Linux', os.arch: 'amd64', os.version: '5.14.0-1031-oem', java.version: '11.0.14.1'
Driver info: org.openqa.selenium.chrome.ChromeDriver
Capabilities {acceptInsecureCerts: false, browserName: chrome, browserVersion: 96.0.4664.110, chrome: {chromedriverVersion: 96.0.4664.45 (76e4c1bb2ab46..., userDataDir: /tmp/.com.google.Chrome.DDs68X}, goog:chromeOptions: {debuggerAddress: localhost:34065}, javascriptEnabled: true, networkConnectionEnabled: false, pageLoadStrategy: normal, platform: LINUX, platformName: LINUX, proxy: Proxy(), setWindowRect: true, strictFileInteractability: false, timeouts: {implicit: 0, pageLoad: 300000, script: 30000}, unhandledPromptBehavior: dismiss and notify, webauthn:extension:credBlob: true, webauthn:extension:largeBlob: true, webauthn:virtualAuthenticators: true}
Session ID: cd38445cdde3f38a6893752c1d7389d8
*** Element info: {Using=xpath, value=//*[text()='Sign Out']}
18:19:02.146 INFO  manager.MyListener - We have a 'fill In Stack Trace'--->>>org.openqa.selenium.UnhandledAlertException: unexpected alert open: {Alert text : Undefined Error 500}
  (Session info: chrome=96.0.4664.110): Undefined Error 500
Build info: version: '3.141.59', revision: 'e82be7d358', time: '2018-11-14T08:17:03'
System info: host: 'desktopirina', ip: '127.0.1.1', os.name: 'Linux', os.arch: 'amd64', os.version: '5.14.0-1031-oem', java.version: '11.0.14.1'
Driver info: org.openqa.selenium.chrome.ChromeDriver
Capabilities {acceptInsecureCerts: false, browserName: chrome, browserVersion: 96.0.4664.110, chrome: {chromedriverVersion: 96.0.4664.45 (76e4c1bb2ab46..., userDataDir: /tmp/.com.google.Chrome.DDs68X}, goog:chromeOptions: {debuggerAddress: localhost:34065}, javascriptEnabled: true, networkConnectionEnabled: false, pageLoadStrategy: normal, platform: LINUX, platformName: LINUX, proxy: Proxy(), setWindowRect: true, strictFileInteractability: false, timeouts: {implicit: 0, pageLoad: 300000, script: 30000}, unhandledPromptBehavior: dismiss and notify, webauthn:extension:credBlob: true, webauthn:extension:largeBlob: true, webauthn:virtualAuthenticators: true}
Session ID: cd38445cdde3f38a6893752c1d7389d8
*** Element info: {Using=xpath, value=//*[text()='Sign Out']}
18:19:02.450 INFO  manager.MyListener - This is the link to screen with problem-->src/test/screenshots/screen-1142.png
18:19:02.452 INFO  tests.TestBAse - End of testloginModelDataProvider
