18:24:55.158 INFO  manager.ApplicationManager - All tests start in ChromeDriver
18:24:55.915 INFO  manager.MyListener - Start find element--->>>By.xpath: //*[text()='Sign Out']
18:25:00.942 INFO  manager.MyListener - The element with locator--->>>By.xpath: //*[text()='Sign Out']<----was found
18:25:00.945 INFO  tests.TestBAse - start testloginModelDataProvider
18:25:00.963 INFO  manager.MyListener - Start find element--->>>By.cssSelector: [href='/login']
18:25:00.987 INFO  manager.MyListener - The element with locator--->>>By.cssSelector: [href='/login']<----was found
18:25:01.070 INFO  manager.MyListener - Start find element--->>>By.xpath: //input[1]
18:25:01.096 INFO  manager.MyListener - The element with locator--->>>By.xpath: //input[1]<----was found
18:25:01.244 INFO  manager.MyListener - Start find element--->>>By.xpath: //input[2]
18:25:01.268 INFO  manager.MyListener - The element with locator--->>>By.xpath: //input[2]<----was found
18:25:01.419 INFO  manager.MyListener - Start find element--->>>By.xpath: //*[text()=' Login']
18:25:01.440 INFO  manager.MyListener - The element with locator--->>>By.xpath: //*[text()=' Login']<----was found
18:25:06.491 INFO  manager.MyListener - Start find element--->>>By.xpath: //*[text()='Sign Out']
18:25:06.518 INFO  manager.MyListener - We have a 'throwable'--->>>unexpected alert open: {Alert text : Undefined Error 500}
  (Session info: chrome=96.0.4664.110): Undefined Error 500
Build info: version: '3.141.59', revision: 'e82be7d358', time: '2018-11-14T08:17:03'
System info: host: 'desktopirina', ip: '127.0.1.1', os.name: 'Linux', os.arch: 'amd64', os.version: '5.14.0-1031-oem', java.version: '11.0.14.1'
Driver info: org.openqa.selenium.chrome.ChromeDriver
Capabilities {acceptInsecureCerts: false, browserName: chrome, browserVersion: 96.0.4664.110, chrome: {chromedriverVersion: 96.0.4664.45 (76e4c1bb2ab46..., userDataDir: /tmp/.com.google.Chrome.V5JfTO}, goog:chromeOptions: {debuggerAddress: localhost:43089}, javascriptEnabled: true, networkConnectionEnabled: false, pageLoadStrategy: normal, platform: LINUX, platformName: LINUX, proxy: Proxy(), setWindowRect: true, strictFileInteractability: false, timeouts: {implicit: 0, pageLoad: 300000, script: 30000}, unhandledPromptBehavior: dismiss and notify, webauthn:extension:credBlob: true, webauthn:extension:largeBlob: true, webauthn:virtualAuthenticators: true}
Session ID: 88e4787e539d23799514b873db4c3b0e
*** Element info: {Using=xpath, value=//*[text()='Sign Out']}
18:25:06.521 INFO  manager.MyListener - We have a 'fill In Stack Trace'--->>>org.openqa.selenium.UnhandledAlertException: unexpected alert open: {Alert text : Undefined Error 500}
  (Session info: chrome=96.0.4664.110): Undefined Error 500
Build info: version: '3.141.59', revision: 'e82be7d358', time: '2018-11-14T08:17:03'
System info: host: 'desktopirina', ip: '127.0.1.1', os.name: 'Linux', os.arch: 'amd64', os.version: '5.14.0-1031-oem', java.version: '11.0.14.1'
Driver info: org.openqa.selenium.chrome.ChromeDriver
Capabilities {acceptInsecureCerts: false, browserName: chrome, browserVersion: 96.0.4664.110, chrome: {chromedriverVersion: 96.0.4664.45 (76e4c1bb2ab46..., userDataDir: /tmp/.com.google.Chrome.V5JfTO}, goog:chromeOptions: {debuggerAddress: localhost:43089}, javascriptEnabled: true, networkConnectionEnabled: false, pageLoadStrategy: normal, platform: LINUX, platformName: LINUX, proxy: Proxy(), setWindowRect: true, strictFileInteractability: false, timeouts: {implicit: 0, pageLoad: 300000, script: 30000}, unhandledPromptBehavior: dismiss and notify, webauthn:extension:credBlob: true, webauthn:extension:largeBlob: true, webauthn:virtualAuthenticators: true}
Session ID: 88e4787e539d23799514b873db4c3b0e
*** Element info: {Using=xpath, value=//*[text()='Sign Out']}
18:25:07.255 INFO  manager.MyListener - This is the link to screen with problem-->src/test/screenshots/screen-1506.png
18:25:07.258 INFO  tests.TestBAse - End of testloginModelDataProvider
18:25:07.259 INFO  manager.MyListener - Start find element--->>>By.xpath: //*[text()='Sign Out']
18:25:12.280 INFO  manager.MyListener - The element with locator--->>>By.xpath: //*[text()='Sign Out']<----was found
18:25:12.282 INFO  tests.TestBAse - start testloginModelDataProvider
18:25:12.283 INFO  manager.MyListener - Start find element--->>>By.cssSelector: [href='/login']
18:25:12.304 INFO  manager.MyListener - The element with locator--->>>By.cssSelector: [href='/login']<----was found
18:25:12.361 INFO  manager.MyListener - Start find element--->>>By.xpath: //input[1]
18:25:12.382 INFO  manager.MyListener - The element with locator--->>>By.xpath: //input[1]<----was found
18:25:12.563 INFO  manager.MyListener - Start find element--->>>By.xpath: //input[2]
18:25:12.581 INFO  manager.MyListener - The element with locator--->>>By.xpath: //input[2]<----was found
18:25:12.721 INFO  manager.MyListener - Start find element--->>>By.xpath: //*[text()=' Login']
18:25:12.738 INFO  manager.MyListener - The element with locator--->>>By.xpath: //*[text()=' Login']<----was found
18:25:17.799 INFO  manager.MyListener - Start find element--->>>By.xpath: //*[text()='Sign Out']
18:25:17.814 INFO  manager.MyListener - We have a 'throwable'--->>>chrome not reachable
  (Session info: chrome=96.0.4664.110)
Build info: version: '3.141.59', revision: 'e82be7d358', time: '2018-11-14T08:17:03'
System info: host: 'desktopirina', ip: '127.0.1.1', os.name: 'Linux', os.arch: 'amd64', os.version: '5.14.0-1031-oem', java.version: '11.0.14.1'
Driver info: org.openqa.selenium.chrome.ChromeDriver
Capabilities {acceptInsecureCerts: false, browserName: chrome, browserVersion: 96.0.4664.110, chrome: {chromedriverVersion: 96.0.4664.45 (76e4c1bb2ab46..., userDataDir: /tmp/.com.google.Chrome.V5JfTO}, goog:chromeOptions: {debuggerAddress: localhost:43089}, javascriptEnabled: true, networkConnectionEnabled: false, pageLoadStrategy: normal, platform: LINUX, platformName: LINUX, proxy: Proxy(), setWindowRect: true, strictFileInteractability: false, timeouts: {implicit: 0, pageLoad: 300000, script: 30000}, unhandledPromptBehavior: dismiss and notify, webauthn:extension:credBlob: true, webauthn:extension:largeBlob: true, webauthn:virtualAuthenticators: true}
Session ID: 88e4787e539d23799514b873db4c3b0e
*** Element info: {Using=xpath, value=//*[text()='Sign Out']}
18:25:17.815 INFO  manager.MyListener - We have a 'fill In Stack Trace'--->>>org.openqa.selenium.WebDriverException: chrome not reachable
  (Session info: chrome=96.0.4664.110)
Build info: version: '3.141.59', revision: 'e82be7d358', time: '2018-11-14T08:17:03'
System info: host: 'desktopirina', ip: '127.0.1.1', os.name: 'Linux', os.arch: 'amd64', os.version: '5.14.0-1031-oem', java.version: '11.0.14.1'
Driver info: org.openqa.selenium.chrome.ChromeDriver
Capabilities {acceptInsecureCerts: false, browserName: chrome, browserVersion: 96.0.4664.110, chrome: {chromedriverVersion: 96.0.4664.45 (76e4c1bb2ab46..., userDataDir: /tmp/.com.google.Chrome.V5JfTO}, goog:chromeOptions: {debuggerAddress: localhost:43089}, javascriptEnabled: true, networkConnectionEnabled: false, pageLoadStrategy: normal, platform: LINUX, platformName: LINUX, proxy: Proxy(), setWindowRect: true, strictFileInteractability: false, timeouts: {implicit: 0, pageLoad: 300000, script: 30000}, unhandledPromptBehavior: dismiss and notify, webauthn:extension:credBlob: true, webauthn:extension:largeBlob: true, webauthn:virtualAuthenticators: true}
Session ID: 88e4787e539d23799514b873db4c3b0e
*** Element info: {Using=xpath, value=//*[text()='Sign Out']}
18:25:17.830 INFO  tests.TestBAse - End of testloginModelDataProvider
18:25:17.835 INFO  manager.MyListener - Start find element--->>>By.xpath: //*[text()='Sign Out']
18:25:17.848 INFO  manager.MyListener - We have a 'throwable'--->>>chrome not reachable
  (Session info: chrome=96.0.4664.110)
Build info: version: '3.141.59', revision: 'e82be7d358', time: '2018-11-14T08:17:03'
System info: host: 'desktopirina', ip: '127.0.1.1', os.name: 'Linux', os.arch: 'amd64', os.version: '5.14.0-1031-oem', java.version: '11.0.14.1'
Driver info: org.openqa.selenium.chrome.ChromeDriver
Capabilities {acceptInsecureCerts: false, browserName: chrome, browserVersion: 96.0.4664.110, chrome: {chromedriverVersion: 96.0.4664.45 (76e4c1bb2ab46..., userDataDir: /tmp/.com.google.Chrome.V5JfTO}, goog:chromeOptions: {debuggerAddress: localhost:43089}, javascriptEnabled: true, networkConnectionEnabled: false, pageLoadStrategy: normal, platform: LINUX, platformName: LINUX, proxy: Proxy(), setWindowRect: true, strictFileInteractability: false, timeouts: {implicit: 0, pageLoad: 300000, script: 30000}, unhandledPromptBehavior: dismiss and notify, webauthn:extension:credBlob: true, webauthn:extension:largeBlob: true, webauthn:virtualAuthenticators: true}
Session ID: 88e4787e539d23799514b873db4c3b0e
*** Element info: {Using=xpath, value=//*[text()='Sign Out']}
18:25:17.849 INFO  manager.MyListener - We have a 'fill In Stack Trace'--->>>org.openqa.selenium.WebDriverException: chrome not reachable
  (Session info: chrome=96.0.4664.110)
Build info: version: '3.141.59', revision: 'e82be7d358', time: '2018-11-14T08:17:03'
System info: host: 'desktopirina', ip: '127.0.1.1', os.name: 'Linux', os.arch: 'amd64', os.version: '5.14.0-1031-oem', java.version: '11.0.14.1'
Driver info: org.openqa.selenium.chrome.ChromeDriver
Capabilities {acceptInsecureCerts: false, browserName: chrome, browserVersion: 96.0.4664.110, chrome: {chromedriverVersion: 96.0.4664.45 (76e4c1bb2ab46..., userDataDir: /tmp/.com.google.Chrome.V5JfTO}, goog:chromeOptions: {debuggerAddress: localhost:43089}, javascriptEnabled: true, networkConnectionEnabled: false, pageLoadStrategy: normal, platform: LINUX, platformName: LINUX, proxy: Proxy(), setWindowRect: true, strictFileInteractability: false, timeouts: {implicit: 0, pageLoad: 300000, script: 30000}, unhandledPromptBehavior: dismiss and notify, webauthn:extension:credBlob: true, webauthn:extension:largeBlob: true, webauthn:virtualAuthenticators: true}
Session ID: 88e4787e539d23799514b873db4c3b0e
*** Element info: {Using=xpath, value=//*[text()='Sign Out']}
