18:20:08.464 INFO  manager.ApplicationManager - All tests start in ChromeDriver
18:20:09.426 INFO  manager.MyListener - Start find element--->>>By.xpath: //*[text()='Sign Out']
18:20:14.477 INFO  manager.MyListener - The element with locator--->>>By.xpath: //*[text()='Sign Out']<----was found
18:20:14.480 INFO  tests.TestBAse - start testloginModelDataProvider
18:20:14.493 INFO  manager.MyListener - Start find element--->>>By.cssSelector: [href='/login']
18:20:14.515 INFO  manager.MyListener - The element with locator--->>>By.cssSelector: [href='/login']<----was found
18:20:14.591 INFO  manager.MyListener - Start find element--->>>By.xpath: //input[1]
18:20:14.617 INFO  manager.MyListener - The element with locator--->>>By.xpath: //input[1]<----was found
18:20:14.758 INFO  manager.MyListener - Start find element--->>>By.xpath: //input[2]
18:20:14.778 INFO  manager.MyListener - The element with locator--->>>By.xpath: //input[2]<----was found
18:20:14.910 INFO  manager.MyListener - Start find element--->>>By.xpath: //*[text()=' Login']
18:20:14.930 INFO  manager.MyListener - The element with locator--->>>By.xpath: //*[text()=' Login']<----was found
18:20:19.981 INFO  manager.MyListener - Start find element--->>>By.xpath: //*[text()='Sign Out']
18:20:19.998 INFO  manager.MyListener - The element with locator--->>>By.xpath: //*[text()='Sign Out']<----was found
18:20:20.005 INFO  tests.TestBAse - End of testloginModelDataProvider
18:20:20.007 INFO  manager.MyListener - Start find element--->>>By.xpath: //*[text()='Sign Out']
18:20:20.021 INFO  manager.MyListener - The element with locator--->>>By.xpath: //*[text()='Sign Out']<----was found
18:20:20.021 INFO  manager.MyListener - Start find element--->>>By.xpath: //button[text()='Sign Out']
18:20:20.041 INFO  manager.MyListener - The element with locator--->>>By.xpath: //button[text()='Sign Out']<----was found
18:20:20.098 INFO  tests.TestBAse - Testpublic void tests.LoginTests.loginModelDataProvider(models.User) needs logout
18:20:20.099 INFO  tests.TestBAse - start testloginModelDataProvider
18:20:20.101 INFO  manager.MyListener - Start find element--->>>By.cssSelector: [href='/login']
18:20:20.118 INFO  manager.MyListener - The element with locator--->>>By.cssSelector: [href='/login']<----was found
18:20:20.172 INFO  manager.MyListener - Start find element--->>>By.xpath: //input[1]
18:20:20.186 INFO  manager.MyListener - The element with locator--->>>By.xpath: //input[1]<----was found
18:20:20.338 INFO  manager.MyListener - Start find element--->>>By.xpath: //input[2]
18:20:20.351 INFO  manager.MyListener - The element with locator--->>>By.xpath: //input[2]<----was found
18:20:20.482 INFO  manager.MyListener - Start find element--->>>By.xpath: //*[text()=' Login']
18:20:20.498 INFO  manager.MyListener - The element with locator--->>>By.xpath: //*[text()=' Login']<----was found
18:20:25.550 INFO  manager.MyListener - Start find element--->>>By.xpath: //*[text()='Sign Out']
18:20:25.572 INFO  manager.MyListener - We have a 'throwable'--->>>unexpected alert open: {Alert text : Undefined Error 500}
  (Session info: chrome=96.0.4664.110): Undefined Error 500
Build info: version: '3.141.59', revision: 'e82be7d358', time: '2018-11-14T08:17:03'
System info: host: 'desktopirina', ip: '127.0.1.1', os.name: 'Linux', os.arch: 'amd64', os.version: '5.14.0-1031-oem', java.version: '11.0.14.1'
Driver info: org.openqa.selenium.chrome.ChromeDriver
Capabilities {acceptInsecureCerts: false, browserName: chrome, browserVersion: 96.0.4664.110, chrome: {chromedriverVersion: 96.0.4664.45 (76e4c1bb2ab46..., userDataDir: /tmp/.com.google.Chrome.m0UJdE}, goog:chromeOptions: {debuggerAddress: localhost:36955}, javascriptEnabled: true, networkConnectionEnabled: false, pageLoadStrategy: normal, platform: LINUX, platformName: LINUX, proxy: Proxy(), setWindowRect: true, strictFileInteractability: false, timeouts: {implicit: 0, pageLoad: 300000, script: 30000}, unhandledPromptBehavior: dismiss and notify, webauthn:extension:credBlob: true, webauthn:extension:largeBlob: true, webauthn:virtualAuthenticators: true}
Session ID: bdf0e9d2669d134f6dca34948c89232a
*** Element info: {Using=xpath, value=//*[text()='Sign Out']}
18:20:25.575 INFO  manager.MyListener - We have a 'fill In Stack Trace'--->>>org.openqa.selenium.UnhandledAlertException: unexpected alert open: {Alert text : Undefined Error 500}
  (Session info: chrome=96.0.4664.110): Undefined Error 500
Build info: version: '3.141.59', revision: 'e82be7d358', time: '2018-11-14T08:17:03'
System info: host: 'desktopirina', ip: '127.0.1.1', os.name: 'Linux', os.arch: 'amd64', os.version: '5.14.0-1031-oem', java.version: '11.0.14.1'
Driver info: org.openqa.selenium.chrome.ChromeDriver
Capabilities {acceptInsecureCerts: false, browserName: chrome, browserVersion: 96.0.4664.110, chrome: {chromedriverVersion: 96.0.4664.45 (76e4c1bb2ab46..., userDataDir: /tmp/.com.google.Chrome.m0UJdE}, goog:chromeOptions: {debuggerAddress: localhost:36955}, javascriptEnabled: true, networkConnectionEnabled: false, pageLoadStrategy: normal, platform: LINUX, platformName: LINUX, proxy: Proxy(), setWindowRect: true, strictFileInteractability: false, timeouts: {implicit: 0, pageLoad: 300000, script: 30000}, unhandledPromptBehavior: dismiss and notify, webauthn:extension:credBlob: true, webauthn:extension:largeBlob: true, webauthn:virtualAuthenticators: true}
Session ID: bdf0e9d2669d134f6dca34948c89232a
*** Element info: {Using=xpath, value=//*[text()='Sign Out']}
18:20:25.938 INFO  manager.MyListener - This is the link to screen with problem-->src/test/screenshots/screen-1225.png
18:20:25.940 INFO  tests.TestBAse - End of testloginModelDataProvider
18:20:25.941 INFO  manager.MyListener - Start find element--->>>By.xpath: //*[text()='Sign Out']
18:20:31.004 INFO  manager.MyListener - The element with locator--->>>By.xpath: //*[text()='Sign Out']<----was found
18:20:31.006 INFO  tests.TestBAse - start testloginModelDataProvider
18:20:31.007 INFO  manager.MyListener - Start find element--->>>By.cssSelector: [href='/login']
18:20:31.019 INFO  manager.MyListener - The element with locator--->>>By.cssSelector: [href='/login']<----was found
18:20:31.056 INFO  manager.MyListener - Start find element--->>>By.xpath: //input[1]
18:20:31.070 INFO  manager.MyListener - The element with locator--->>>By.xpath: //input[1]<----was found
18:20:31.236 INFO  manager.MyListener - Start find element--->>>By.xpath: //input[2]
18:20:31.252 INFO  manager.MyListener - The element with locator--->>>By.xpath: //input[2]<----was found
18:20:31.399 INFO  manager.MyListener - Start find element--->>>By.xpath: //*[text()=' Login']
18:20:31.412 INFO  manager.MyListener - The element with locator--->>>By.xpath: //*[text()=' Login']<----was found
18:20:36.458 INFO  manager.MyListener - Start find element--->>>By.xpath: //*[text()='Sign Out']
18:20:36.471 INFO  manager.MyListener - We have a 'throwable'--->>>unexpected alert open: {Alert text : Undefined Error 500}
  (Session info: chrome=96.0.4664.110): Undefined Error 500
Build info: version: '3.141.59', revision: 'e82be7d358', time: '2018-11-14T08:17:03'
System info: host: 'desktopirina', ip: '127.0.1.1', os.name: 'Linux', os.arch: 'amd64', os.version: '5.14.0-1031-oem', java.version: '11.0.14.1'
Driver info: org.openqa.selenium.chrome.ChromeDriver
Capabilities {acceptInsecureCerts: false, browserName: chrome, browserVersion: 96.0.4664.110, chrome: {chromedriverVersion: 96.0.4664.45 (76e4c1bb2ab46..., userDataDir: /tmp/.com.google.Chrome.m0UJdE}, goog:chromeOptions: {debuggerAddress: localhost:36955}, javascriptEnabled: true, networkConnectionEnabled: false, pageLoadStrategy: normal, platform: LINUX, platformName: LINUX, proxy: Proxy(), setWindowRect: true, strictFileInteractability: false, timeouts: {implicit: 0, pageLoad: 300000, script: 30000}, unhandledPromptBehavior: dismiss and notify, webauthn:extension:credBlob: true, webauthn:extension:largeBlob: true, webauthn:virtualAuthenticators: true}
Session ID: bdf0e9d2669d134f6dca34948c89232a
*** Element info: {Using=xpath, value=//*[text()='Sign Out']}
18:20:36.472 INFO  manager.MyListener - We have a 'fill In Stack Trace'--->>>org.openqa.selenium.UnhandledAlertException: unexpected alert open: {Alert text : Undefined Error 500}
  (Session info: chrome=96.0.4664.110): Undefined Error 500
Build info: version: '3.141.59', revision: 'e82be7d358', time: '2018-11-14T08:17:03'
System info: host: 'desktopirina', ip: '127.0.1.1', os.name: 'Linux', os.arch: 'amd64', os.version: '5.14.0-1031-oem', java.version: '11.0.14.1'
Driver info: org.openqa.selenium.chrome.ChromeDriver
Capabilities {acceptInsecureCerts: false, browserName: chrome, browserVersion: 96.0.4664.110, chrome: {chromedriverVersion: 96.0.4664.45 (76e4c1bb2ab46..., userDataDir: /tmp/.com.google.Chrome.m0UJdE}, goog:chromeOptions: {debuggerAddress: localhost:36955}, javascriptEnabled: true, networkConnectionEnabled: false, pageLoadStrategy: normal, platform: LINUX, platformName: LINUX, proxy: Proxy(), setWindowRect: true, strictFileInteractability: false, timeouts: {implicit: 0, pageLoad: 300000, script: 30000}, unhandledPromptBehavior: dismiss and notify, webauthn:extension:credBlob: true, webauthn:extension:largeBlob: true, webauthn:virtualAuthenticators: true}
Session ID: bdf0e9d2669d134f6dca34948c89232a
*** Element info: {Using=xpath, value=//*[text()='Sign Out']}
18:20:36.799 INFO  manager.MyListener - This is the link to screen with problem-->src/test/screenshots/screen-1236.png
18:20:36.801 INFO  tests.TestBAse - End of testloginModelDataProvider
18:20:36.802 INFO  manager.MyListener - Start find element--->>>By.xpath: //*[text()='Sign Out']
18:20:40.076 INFO  manager.MyListener - The element with locator--->>>By.xpath: //*[text()='Sign Out']<----was found
18:20:40.078 INFO  tests.TestBAse - start testloginModelDataProvider
18:20:40.085 INFO  manager.MyListener - Start find element--->>>By.cssSelector: [href='/login']
18:20:40.100 INFO  manager.MyListener - We have a 'throwable'--->>>no such window: target window already closed
from unknown error: web view not found
  (Session info: chrome=96.0.4664.110)
Build info: version: '3.141.59', revision: 'e82be7d358', time: '2018-11-14T08:17:03'
System info: host: 'desktopirina', ip: '127.0.1.1', os.name: 'Linux', os.arch: 'amd64', os.version: '5.14.0-1031-oem', java.version: '11.0.14.1'
Driver info: org.openqa.selenium.chrome.ChromeDriver
Capabilities {acceptInsecureCerts: false, browserName: chrome, browserVersion: 96.0.4664.110, chrome: {chromedriverVersion: 96.0.4664.45 (76e4c1bb2ab46..., userDataDir: /tmp/.com.google.Chrome.m0UJdE}, goog:chromeOptions: {debuggerAddress: localhost:36955}, javascriptEnabled: true, networkConnectionEnabled: false, pageLoadStrategy: normal, platform: LINUX, platformName: LINUX, proxy: Proxy(), setWindowRect: true, strictFileInteractability: false, timeouts: {implicit: 0, pageLoad: 300000, script: 30000}, unhandledPromptBehavior: dismiss and notify, webauthn:extension:credBlob: true, webauthn:extension:largeBlob: true, webauthn:virtualAuthenticators: true}
Session ID: bdf0e9d2669d134f6dca34948c89232a
*** Element info: {Using=css selector, value=[href='/login']}
18:20:40.101 INFO  manager.MyListener - We have a 'fill In Stack Trace'--->>>org.openqa.selenium.NoSuchWindowException: no such window: target window already closed
from unknown error: web view not found
  (Session info: chrome=96.0.4664.110)
Build info: version: '3.141.59', revision: 'e82be7d358', time: '2018-11-14T08:17:03'
System info: host: 'desktopirina', ip: '127.0.1.1', os.name: 'Linux', os.arch: 'amd64', os.version: '5.14.0-1031-oem', java.version: '11.0.14.1'
Driver info: org.openqa.selenium.chrome.ChromeDriver
Capabilities {acceptInsecureCerts: false, browserName: chrome, browserVersion: 96.0.4664.110, chrome: {chromedriverVersion: 96.0.4664.45 (76e4c1bb2ab46..., userDataDir: /tmp/.com.google.Chrome.m0UJdE}, goog:chromeOptions: {debuggerAddress: localhost:36955}, javascriptEnabled: true, networkConnectionEnabled: false, pageLoadStrategy: normal, platform: LINUX, platformName: LINUX, proxy: Proxy(), setWindowRect: true, strictFileInteractability: false, timeouts: {implicit: 0, pageLoad: 300000, script: 30000}, unhandledPromptBehavior: dismiss and notify, webauthn:extension:credBlob: true, webauthn:extension:largeBlob: true, webauthn:virtualAuthenticators: true}
Session ID: bdf0e9d2669d134f6dca34948c89232a
*** Element info: {Using=css selector, value=[href='/login']}
18:20:40.126 INFO  tests.TestBAse - End of testloginModelDataProvider
