19:31:59.053 INFO  manager.ApplicationManager - All tests start in ChromeDriver
19:31:59.909 INFO  manager.MyListener - Start find element--->>>By.xpath: //*[text()='Sign Out']
19:32:04.966 INFO  manager.MyListener - The element with locator--->>>By.xpath: //*[text()='Sign Out']<----was found
19:32:04.968 INFO  tests.TestBAse - start testloginModelDataProvider
19:32:04.982 INFO  manager.MyListener - Start find element--->>>By.cssSelector: [href='/login']
19:32:05.001 INFO  manager.MyListener - The element with locator--->>>By.cssSelector: [href='/login']<----was found
19:32:05.131 INFO  manager.MyListener - Start find element--->>>By.xpath: //input[1]
19:32:05.162 INFO  manager.MyListener - The element with locator--->>>By.xpath: //input[1]<----was found
19:32:05.366 INFO  manager.MyListener - Start find element--->>>By.xpath: //input[2]
19:32:05.390 INFO  manager.MyListener - The element with locator--->>>By.xpath: //input[2]<----was found
19:32:05.560 INFO  manager.MyListener - Start find element--->>>By.xpath: //*[text()=' Login']
19:32:05.586 INFO  manager.MyListener - The element with locator--->>>By.xpath: //*[text()=' Login']<----was found
19:32:10.646 INFO  manager.MyListener - Start find element--->>>By.xpath: //*[text()='Sign Out']
19:32:10.668 INFO  manager.MyListener - We have a 'throwable'--->>>unexpected alert open: {Alert text : Undefined Error 500}
  (Session info: chrome=96.0.4664.110): Undefined Error 500
Build info: version: '3.141.59', revision: 'e82be7d358', time: '2018-11-14T08:17:03'
System info: host: 'desktopirina', ip: '127.0.1.1', os.name: 'Linux', os.arch: 'amd64', os.version: '5.14.0-1031-oem', java.version: '11.0.14.1'
Driver info: org.openqa.selenium.chrome.ChromeDriver
Capabilities {acceptInsecureCerts: false, browserName: chrome, browserVersion: 96.0.4664.110, chrome: {chromedriverVersion: 96.0.4664.45 (76e4c1bb2ab46..., userDataDir: /tmp/.com.google.Chrome.rKhjjJ}, goog:chromeOptions: {debuggerAddress: localhost:42721}, javascriptEnabled: true, networkConnectionEnabled: false, pageLoadStrategy: normal, platform: LINUX, platformName: LINUX, proxy: Proxy(), setWindowRect: true, strictFileInteractability: false, timeouts: {implicit: 0, pageLoad: 300000, script: 30000}, unhandledPromptBehavior: dismiss and notify, webauthn:extension:credBlob: true, webauthn:extension:largeBlob: true, webauthn:virtualAuthenticators: true}
Session ID: 0fbe24c0ceb12b2534dfa02ddc98299a
*** Element info: {Using=xpath, value=//*[text()='Sign Out']}
19:32:10.672 INFO  manager.MyListener - We have a 'fill In Stack Trace'--->>>org.openqa.selenium.UnhandledAlertException: unexpected alert open: {Alert text : Undefined Error 500}
  (Session info: chrome=96.0.4664.110): Undefined Error 500
Build info: version: '3.141.59', revision: 'e82be7d358', time: '2018-11-14T08:17:03'
System info: host: 'desktopirina', ip: '127.0.1.1', os.name: 'Linux', os.arch: 'amd64', os.version: '5.14.0-1031-oem', java.version: '11.0.14.1'
Driver info: org.openqa.selenium.chrome.ChromeDriver
Capabilities {acceptInsecureCerts: false, browserName: chrome, browserVersion: 96.0.4664.110, chrome: {chromedriverVersion: 96.0.4664.45 (76e4c1bb2ab46..., userDataDir: /tmp/.com.google.Chrome.rKhjjJ}, goog:chromeOptions: {debuggerAddress: localhost:42721}, javascriptEnabled: true, networkConnectionEnabled: false, pageLoadStrategy: normal, platform: LINUX, platformName: LINUX, proxy: Proxy(), setWindowRect: true, strictFileInteractability: false, timeouts: {implicit: 0, pageLoad: 300000, script: 30000}, unhandledPromptBehavior: dismiss and notify, webauthn:extension:credBlob: true, webauthn:extension:largeBlob: true, webauthn:virtualAuthenticators: true}
Session ID: 0fbe24c0ceb12b2534dfa02ddc98299a
*** Element info: {Using=xpath, value=//*[text()='Sign Out']}
19:32:11.708 INFO  manager.MyListener - This is the link to screen with problem-->src/test/screenshots/screen-1930.png
19:32:11.712 INFO  tests.TestBAse - End of testloginModelDataProvider
19:32:11.713 INFO  manager.MyListener - Start find element--->>>By.xpath: //*[text()='Sign Out']
19:32:16.776 INFO  manager.MyListener - The element with locator--->>>By.xpath: //*[text()='Sign Out']<----was found
19:32:16.778 INFO  tests.TestBAse - start testloginModelDataProvider
19:32:16.779 INFO  manager.MyListener - Start find element--->>>By.cssSelector: [href='/login']
19:32:16.791 INFO  manager.MyListener - The element with locator--->>>By.cssSelector: [href='/login']<----was found
19:32:16.856 INFO  manager.MyListener - Start find element--->>>By.xpath: //input[1]
19:32:16.888 INFO  manager.MyListener - The element with locator--->>>By.xpath: //input[1]<----was found
19:32:17.130 INFO  manager.MyListener - Start find element--->>>By.xpath: //input[2]
19:32:17.145 INFO  manager.MyListener - The element with locator--->>>By.xpath: //input[2]<----was found
19:32:17.334 INFO  manager.MyListener - Start find element--->>>By.xpath: //*[text()=' Login']
19:32:17.350 INFO  manager.MyListener - The element with locator--->>>By.xpath: //*[text()=' Login']<----was found
19:32:22.415 INFO  manager.MyListener - Start find element--->>>By.xpath: //*[text()='Sign Out']
19:32:22.428 INFO  manager.MyListener - We have a 'throwable'--->>>unexpected alert open: {Alert text : Undefined Error 500}
  (Session info: chrome=96.0.4664.110): Undefined Error 500
Build info: version: '3.141.59', revision: 'e82be7d358', time: '2018-11-14T08:17:03'
System info: host: 'desktopirina', ip: '127.0.1.1', os.name: 'Linux', os.arch: 'amd64', os.version: '5.14.0-1031-oem', java.version: '11.0.14.1'
Driver info: org.openqa.selenium.chrome.ChromeDriver
Capabilities {acceptInsecureCerts: false, browserName: chrome, browserVersion: 96.0.4664.110, chrome: {chromedriverVersion: 96.0.4664.45 (76e4c1bb2ab46..., userDataDir: /tmp/.com.google.Chrome.rKhjjJ}, goog:chromeOptions: {debuggerAddress: localhost:42721}, javascriptEnabled: true, networkConnectionEnabled: false, pageLoadStrategy: normal, platform: LINUX, platformName: LINUX, proxy: Proxy(), setWindowRect: true, strictFileInteractability: false, timeouts: {implicit: 0, pageLoad: 300000, script: 30000}, unhandledPromptBehavior: dismiss and notify, webauthn:extension:credBlob: true, webauthn:extension:largeBlob: true, webauthn:virtualAuthenticators: true}
Session ID: 0fbe24c0ceb12b2534dfa02ddc98299a
*** Element info: {Using=xpath, value=//*[text()='Sign Out']}
19:32:22.429 INFO  manager.MyListener - We have a 'fill In Stack Trace'--->>>org.openqa.selenium.UnhandledAlertException: unexpected alert open: {Alert text : Undefined Error 500}
  (Session info: chrome=96.0.4664.110): Undefined Error 500
Build info: version: '3.141.59', revision: 'e82be7d358', time: '2018-11-14T08:17:03'
System info: host: 'desktopirina', ip: '127.0.1.1', os.name: 'Linux', os.arch: 'amd64', os.version: '5.14.0-1031-oem', java.version: '11.0.14.1'
Driver info: org.openqa.selenium.chrome.ChromeDriver
Capabilities {acceptInsecureCerts: false, browserName: chrome, browserVersion: 96.0.4664.110, chrome: {chromedriverVersion: 96.0.4664.45 (76e4c1bb2ab46..., userDataDir: /tmp/.com.google.Chrome.rKhjjJ}, goog:chromeOptions: {debuggerAddress: localhost:42721}, javascriptEnabled: true, networkConnectionEnabled: false, pageLoadStrategy: normal, platform: LINUX, platformName: LINUX, proxy: Proxy(), setWindowRect: true, strictFileInteractability: false, timeouts: {implicit: 0, pageLoad: 300000, script: 30000}, unhandledPromptBehavior: dismiss and notify, webauthn:extension:credBlob: true, webauthn:extension:largeBlob: true, webauthn:virtualAuthenticators: true}
Session ID: 0fbe24c0ceb12b2534dfa02ddc98299a
*** Element info: {Using=xpath, value=//*[text()='Sign Out']}
19:32:23.388 INFO  manager.MyListener - This is the link to screen with problem-->src/test/screenshots/screen-1942.png
19:32:23.391 INFO  tests.TestBAse - End of testloginModelDataProvider
19:32:23.392 INFO  manager.MyListener - Start find element--->>>By.xpath: //*[text()='Sign Out']
19:32:28.410 INFO  manager.MyListener - The element with locator--->>>By.xpath: //*[text()='Sign Out']<----was found
19:32:28.411 INFO  tests.TestBAse - start testloginModelDataProvider
19:32:28.412 INFO  manager.MyListener - Start find element--->>>By.cssSelector: [href='/login']
19:32:28.426 INFO  manager.MyListener - The element with locator--->>>By.cssSelector: [href='/login']<----was found
19:32:28.467 INFO  manager.MyListener - Start find element--->>>By.xpath: //input[1]
19:32:28.491 INFO  manager.MyListener - The element with locator--->>>By.xpath: //input[1]<----was found
19:32:28.734 INFO  manager.MyListener - Start find element--->>>By.xpath: //input[2]
19:32:28.753 INFO  manager.MyListener - The element with locator--->>>By.xpath: //input[2]<----was found
19:32:28.978 INFO  manager.MyListener - Start find element--->>>By.xpath: //*[text()=' Login']
19:32:28.994 INFO  manager.MyListener - The element with locator--->>>By.xpath: //*[text()=' Login']<----was found
19:32:34.048 INFO  manager.MyListener - Start find element--->>>By.xpath: //*[text()='Sign Out']
19:32:34.071 INFO  manager.MyListener - We have a 'throwable'--->>>unexpected alert open: {Alert text : Undefined Error 500}
  (Session info: chrome=96.0.4664.110): Undefined Error 500
Build info: version: '3.141.59', revision: 'e82be7d358', time: '2018-11-14T08:17:03'
System info: host: 'desktopirina', ip: '127.0.1.1', os.name: 'Linux', os.arch: 'amd64', os.version: '5.14.0-1031-oem', java.version: '11.0.14.1'
Driver info: org.openqa.selenium.chrome.ChromeDriver
Capabilities {acceptInsecureCerts: false, browserName: chrome, browserVersion: 96.0.4664.110, chrome: {chromedriverVersion: 96.0.4664.45 (76e4c1bb2ab46..., userDataDir: /tmp/.com.google.Chrome.rKhjjJ}, goog:chromeOptions: {debuggerAddress: localhost:42721}, javascriptEnabled: true, networkConnectionEnabled: false, pageLoadStrategy: normal, platform: LINUX, platformName: LINUX, proxy: Proxy(), setWindowRect: true, strictFileInteractability: false, timeouts: {implicit: 0, pageLoad: 300000, script: 30000}, unhandledPromptBehavior: dismiss and notify, webauthn:extension:credBlob: true, webauthn:extension:largeBlob: true, webauthn:virtualAuthenticators: true}
Session ID: 0fbe24c0ceb12b2534dfa02ddc98299a
*** Element info: {Using=xpath, value=//*[text()='Sign Out']}
19:32:34.072 INFO  manager.MyListener - We have a 'fill In Stack Trace'--->>>org.openqa.selenium.UnhandledAlertException: unexpected alert open: {Alert text : Undefined Error 500}
  (Session info: chrome=96.0.4664.110): Undefined Error 500
Build info: version: '3.141.59', revision: 'e82be7d358', time: '2018-11-14T08:17:03'
System info: host: 'desktopirina', ip: '127.0.1.1', os.name: 'Linux', os.arch: 'amd64', os.version: '5.14.0-1031-oem', java.version: '11.0.14.1'
Driver info: org.openqa.selenium.chrome.ChromeDriver
Capabilities {acceptInsecureCerts: false, browserName: chrome, browserVersion: 96.0.4664.110, chrome: {chromedriverVersion: 96.0.4664.45 (76e4c1bb2ab46..., userDataDir: /tmp/.com.google.Chrome.rKhjjJ}, goog:chromeOptions: {debuggerAddress: localhost:42721}, javascriptEnabled: true, networkConnectionEnabled: false, pageLoadStrategy: normal, platform: LINUX, platformName: LINUX, proxy: Proxy(), setWindowRect: true, strictFileInteractability: false, timeouts: {implicit: 0, pageLoad: 300000, script: 30000}, unhandledPromptBehavior: dismiss and notify, webauthn:extension:credBlob: true, webauthn:extension:largeBlob: true, webauthn:virtualAuthenticators: true}
Session ID: 0fbe24c0ceb12b2534dfa02ddc98299a
*** Element info: {Using=xpath, value=//*[text()='Sign Out']}
19:32:34.193 INFO  tests.TestBAse - End of testloginModelDataProvider
19:32:34.195 INFO  manager.MyListener - Start find element--->>>By.xpath: //*[text()='Sign Out']
19:32:34.209 INFO  manager.MyListener - We have a 'throwable'--->>>no such window: target window already closed
from unknown error: web view not found
  (Session info: chrome=96.0.4664.110)
Build info: version: '3.141.59', revision: 'e82be7d358', time: '2018-11-14T08:17:03'
System info: host: 'desktopirina', ip: '127.0.1.1', os.name: 'Linux', os.arch: 'amd64', os.version: '5.14.0-1031-oem', java.version: '11.0.14.1'
Driver info: org.openqa.selenium.chrome.ChromeDriver
Capabilities {acceptInsecureCerts: false, browserName: chrome, browserVersion: 96.0.4664.110, chrome: {chromedriverVersion: 96.0.4664.45 (76e4c1bb2ab46..., userDataDir: /tmp/.com.google.Chrome.rKhjjJ}, goog:chromeOptions: {debuggerAddress: localhost:42721}, javascriptEnabled: true, networkConnectionEnabled: false, pageLoadStrategy: normal, platform: LINUX, platformName: LINUX, proxy: Proxy(), setWindowRect: true, strictFileInteractability: false, timeouts: {implicit: 0, pageLoad: 300000, script: 30000}, unhandledPromptBehavior: dismiss and notify, webauthn:extension:credBlob: true, webauthn:extension:largeBlob: true, webauthn:virtualAuthenticators: true}
Session ID: 0fbe24c0ceb12b2534dfa02ddc98299a
*** Element info: {Using=xpath, value=//*[text()='Sign Out']}
19:32:34.210 INFO  manager.MyListener - We have a 'fill In Stack Trace'--->>>org.openqa.selenium.NoSuchWindowException: no such window: target window already closed
from unknown error: web view not found
  (Session info: chrome=96.0.4664.110)
Build info: version: '3.141.59', revision: 'e82be7d358', time: '2018-11-14T08:17:03'
System info: host: 'desktopirina', ip: '127.0.1.1', os.name: 'Linux', os.arch: 'amd64', os.version: '5.14.0-1031-oem', java.version: '11.0.14.1'
Driver info: org.openqa.selenium.chrome.ChromeDriver
Capabilities {acceptInsecureCerts: false, browserName: chrome, browserVersion: 96.0.4664.110, chrome: {chromedriverVersion: 96.0.4664.45 (76e4c1bb2ab46..., userDataDir: /tmp/.com.google.Chrome.rKhjjJ}, goog:chromeOptions: {debuggerAddress: localhost:42721}, javascriptEnabled: true, networkConnectionEnabled: false, pageLoadStrategy: normal, platform: LINUX, platformName: LINUX, proxy: Proxy(), setWindowRect: true, strictFileInteractability: false, timeouts: {implicit: 0, pageLoad: 300000, script: 30000}, unhandledPromptBehavior: dismiss and notify, webauthn:extension:credBlob: true, webauthn:extension:largeBlob: true, webauthn:virtualAuthenticators: true}
Session ID: 0fbe24c0ceb12b2534dfa02ddc98299a
*** Element info: {Using=xpath, value=//*[text()='Sign Out']}
